<?xml version="1.0" encoding="UTF-8"?>
<testsuite xmlns:xsi="http://www.w3.org/2001/XMLSchema-instance" xsi:noNamespaceSchemaLocation="https://maven.apache.org/surefire/maven-surefire-plugin/xsd/surefire-test-report-3.0.xsd" version="3.0" name="testRunnercrossBrowser3.TestRunnercrossBrowser3" time="9.52" tests="2" errors="0" skipped="0" failures="1">
  <properties>
[...]
</properties>
  <testcase name="runScenario[&quot;Launch website and Navigate to Registration Page&quot;, &quot;User Registration on Always Fashion&quot;](1)" classname="testRunnercrossBrowser3.TestRunnercrossBrowser3" time="4.208">
    <system-out><![CDATA[Initializing Chrome browser...
]]></system-out>
    <system-err><![CDATA[Mar 29, 2025 1:50:10 A.M. org.openqa.selenium.devtools.CdpVersionFinder findNearestMatch
WARNING: Unable to find CDP implementation matching 134
Mar 29, 2025 1:50:10 A.M. org.openqa.selenium.chromium.ChromiumDriver lambda$new$5
WARNING: Unable to find version of CDP to use for 134.0.6998.178. You may need to include a dependency on a specific version of the CDP using something similar to `org.seleniumhq.selenium:selenium-devtools-v86:4.15.0` where the version ("v86") matches the version of the chromium-based browser you're using and the version number of the artifact is the same as Selenium's.
]]></system-err>
  </testcase>
  <testcase name="runScenario[&quot;Successful registration with valid details&quot;, &quot;User Registration on Always Fashion&quot;](2)" classname="testRunnercrossBrowser3.TestRunnercrossBrowser3" time="1.271">
    <failure message="javascript error: missing ) after argument list&#10;  (Session info: chrome=134.0.6998.178)&#10;Build info: version: &apos;4.15.0&apos;, revision: &apos;1d14b5521b&apos;&#10;System info: os.name: &apos;Windows 10&apos;, os.arch: &apos;amd64&apos;, os.version: &apos;10.0&apos;, java.version: &apos;21.0.6&apos;&#10;Driver info: org.openqa.selenium.chrome.ChromeDriver&#10;Command: [72b44196dcd1bec4effd41ee79002bf4, executeScript {script=window.scrollBy(0,500, args=[]}]&#10;Capabilities {acceptInsecureCerts: false, browserName: chrome, browserVersion: 134.0.6998.178, chrome: {chromedriverVersion: 134.0.6998.165 (fd886e2cb29..., userDataDir: C:\Users\user\AppData\Local...}, fedcm:accounts: true, goog:chromeOptions: {debuggerAddress: localhost:52534}, networkConnectionEnabled: false, pageLoadStrategy: normal, platformName: windows, proxy: Proxy(), se:cdp: ws://localhost:52534/devtoo..., se:cdpVersion: 134.0.6998.178, setWindowRect: true, strictFileInteractability: false, timeouts: {implicit: 0, pageLoad: 300000, script: 30000}, unhandledPromptBehavior: dismiss and notify, webauthn:extension:credBlob: true, webauthn:extension:largeBlob: true, webauthn:extension:minPinLength: true, webauthn:extension:prf: true, webauthn:virtualAuthenticators: true}&#10;Session ID: 72b44196dcd1bec4effd41ee79002bf4" type="org.openqa.selenium.JavascriptException"><![CDATA[org.openqa.selenium.JavascriptException: 
javascript error: missing ) after argument list
  (Session info: chrome=134.0.6998.178)
Build info: version: '4.15.0', revision: '1d14b5521b'
System info: os.name: 'Windows 10', os.arch: 'amd64', os.version: '10.0', java.version: '21.0.6'
Driver info: org.openqa.selenium.chrome.ChromeDriver
Command: [72b44196dcd1bec4effd41ee79002bf4, executeScript {script=window.scrollBy(0,500, args=[]}]
Capabilities {acceptInsecureCerts: false, browserName: chrome, browserVersion: 134.0.6998.178, chrome: {chromedriverVersion: 134.0.6998.165 (fd886e2cb29..., userDataDir: C:\Users\user\AppData\Local...}, fedcm:accounts: true, goog:chromeOptions: {debuggerAddress: localhost:52534}, networkConnectionEnabled: false, pageLoadStrategy: normal, platformName: windows, proxy: Proxy(), se:cdp: ws://localhost:52534/devtoo..., se:cdpVersion: 134.0.6998.178, setWindowRect: true, strictFileInteractability: false, timeouts: {implicit: 0, pageLoad: 300000, script: 30000}, unhandledPromptBehavior: dismiss and notify, webauthn:extension:credBlob: true, webauthn:extension:largeBlob: true, webauthn:extension:minPinLength: true, webauthn:extension:prf: true, webauthn:virtualAuthenticators: true}
Session ID: 72b44196dcd1bec4effd41ee79002bf4
	at java.base/jdk.internal.reflect.DirectConstructorHandleAccessor.newInstance(DirectConstructorHandleAccessor.java:62)
	at java.base/java.lang.reflect.Constructor.newInstanceWithCaller(Constructor.java:502)
	at java.base/java.lang.reflect.Constructor.newInstance(Constructor.java:486)
	at org.openqa.selenium.remote.codec.w3c.W3CHttpResponseCodec.createException(W3CHttpResponseCodec.java:200)
	at org.openqa.selenium.remote.codec.w3c.W3CHttpResponseCodec.decode(W3CHttpResponseCodec.java:133)
	at org.openqa.selenium.remote.codec.w3c.W3CHttpResponseCodec.decode(W3CHttpResponseCodec.java:52)
	at org.openqa.selenium.remote.HttpCommandExecutor.execute(HttpCommandExecutor.java:191)
	at org.openqa.selenium.remote.service.DriverCommandExecutor.invokeExecute(DriverCommandExecutor.java:200)
	at org.openqa.selenium.remote.service.DriverCommandExecutor.execute(DriverCommandExecutor.java:175)
	at org.openqa.selenium.remote.RemoteWebDriver.execute(RemoteWebDriver.java:607)
	at org.openqa.selenium.remote.RemoteWebDriver.executeScript(RemoteWebDriver.java:472)
	at pageActionBrowser3.RegisterpageActionBrowser3.user_enter_lastName(RegisterpageActionBrowser3.java:34)
	at stepDefinationcrossBrowser3.RegistercrossBrowser3.user_enters_the_following_details(RegistercrossBrowser3.java:70)
	at ✽.User enters the following details:(file:///C:/workspaces/projects/com.crossBrowser3/src/test/resources/featureFoldercrossBrowser3/RegistercrossBrowser3.feature:16)
]]></failure>
  </testcase>
</testsuite>